Determining if the pthread_create exist failed with the following output:
Change Dir: /home/mitra/Where_Am_I_RSEND/catkin_ws/build/CMakeFiles/CMakeTmp

Run Build Command:"/usr/bin/make" "cmTC_5756f/fast"
/usr/bin/make -f CMakeFiles/cmTC_5756f.dir/build.make CMakeFiles/cmTC_5756f.dir/build
make[1]: Entering directory '/home/mitra/Where_Am_I_RSEND/catkin_ws/build/CMakeFiles/CMakeTmp'
Building C object CMakeFiles/cmTC_5756f.dir/CheckSymbolExists.c.o
/usr/bin/cc    -o CMakeFiles/cmTC_5756f.dir/CheckSymbolExists.c.o   -c /home/mitra/Where_Am_I_RSEND/catkin_ws/build/CMakeFiles/CMakeTmp/CheckSymbolExists.c
Linking C executable cmTC_5756f
/usr/bin/cmake -E cmake_link_script CMakeFiles/cmTC_5756f.dir/link.txt --verbose=1
/usr/bin/cc      -rdynamic CMakeFiles/cmTC_5756f.dir/CheckSymbolExists.c.o  -o cmTC_5756f 
CMakeFiles/cmTC_5756f.dir/CheckSymbolExists.c.o: In function `main':
CheckSymbolExists.c:(.text+0x1b): undefined reference to `pthread_create'
collect2: error: ld returned 1 exit status
CMakeFiles/cmTC_5756f.dir/build.make:97: recipe for target 'cmTC_5756f' failed
make[1]: *** [cmTC_5756f] Error 1
make[1]: Leaving directory '/home/mitra/Where_Am_I_RSEND/catkin_ws/build/CMakeFiles/CMakeTmp'
Makefile:126: recipe for target 'cmTC_5756f/fast' failed
make: *** [cmTC_5756f/fast] Error 2

File /home/mitra/Where_Am_I_RSEND/catkin_ws/build/CMakeFiles/CMakeTmp/CheckSymbolExists.c:
/* */
#include <pthread.h>

int main(int argc, char** argv)
{
  (void)argv;
#ifndef pthread_create
  return ((int*)(&pthread_create))[argc];
#else
  (void)argc;
  return 0;
#endif
}

Determining if the function pthread_create exists in the pthreads failed with the following output:
Change Dir: /home/mitra/Where_Am_I_RSEND/catkin_ws/build/CMakeFiles/CMakeTmp

Run Build Command:"/usr/bin/make" "cmTC_166ee/fast"
/usr/bin/make -f CMakeFiles/cmTC_166ee.dir/build.make CMakeFiles/cmTC_166ee.dir/build
make[1]: Entering directory '/home/mitra/Where_Am_I_RSEND/catkin_ws/build/CMakeFiles/CMakeTmp'
Building C object CMakeFiles/cmTC_166ee.dir/CheckFunctionExists.c.o
/usr/bin/cc   -DCHECK_FUNCTION_EXISTS=pthread_create   -o CMakeFiles/cmTC_166ee.dir/CheckFunctionExists.c.o   -c /usr/share/cmake-3.10/Modules/CheckFunctionExists.c
Linking C executable cmTC_166ee
/usr/bin/cmake -E cmake_link_script CMakeFiles/cmTC_166ee.dir/link.txt --verbose=1
/usr/bin/cc  -DCHECK_FUNCTION_EXISTS=pthread_create    -rdynamic CMakeFiles/cmTC_166ee.dir/CheckFunctionExists.c.o  -o cmTC_166ee -lpthreads 
/usr/bin/ld: cannot find -lpthreads
collect2: error: ld returned 1 exit status
CMakeFiles/cmTC_166ee.dir/build.make:97: recipe for target 'cmTC_166ee' failed
make[1]: *** [cmTC_166ee] Error 1
make[1]: Leaving directory '/home/mitra/Where_Am_I_RSEND/catkin_ws/build/CMakeFiles/CMakeTmp'
Makefile:126: recipe for target 'cmTC_166ee/fast' failed
make: *** [cmTC_166ee/fast] Error 2


